<?xml version="1.0" encoding="UTF-8"?>
<!-- Generated by org.testng.reporters.JUnitReportReporter -->
<testsuite skipped="0" hostname="Appu" name="testng_prg.DemoTestNG" tests="2" failures="0" timestamp="04 Dec 2018 16:53:04 GMT" time="18.029" errors="0">
  <testcase name="verifytitle" time="3.194" classname="testng_prg.DemoTestNG"/>
  <testcase name="verifyurl" time="14.835" classname="testng_prg.DemoTestNG"/>
</testsuite> <!-- testng_prg.DemoTestNG -->
