<?xml version="1.0" encoding="UTF-8"?>
<!-- Generated by org.testng.reporters.JUnitReportReporter -->
<testsuite skipped="0" hostname="Appu" name="testng_prg.improved_testng" tests="2" failures="0" timestamp="05 Dec 2018 15:50:09 GMT" time="0.291" errors="0">
  <testcase name="verifytitle" time="0.284" classname="testng_prg.improved_testng"/>
  <testcase name="verifyurl" time="0.007" classname="testng_prg.improved_testng"/>
</testsuite> <!-- testng_prg.improved_testng -->
